2021-09-22 12:41:37 0 [Note] InnoDB: Mutexes and rw_locks use Windows interlocked functions
2021-09-22 12:41:37 0 [Note] InnoDB: Uses event mutexes
2021-09-22 12:41:37 0 [Note] InnoDB: Compressed tables use zlib 1.2.11
2021-09-22 12:41:37 0 [Note] InnoDB: Number of pools: 1
2021-09-22 12:41:37 0 [Note] InnoDB: Using SSE2 crc32 instructions
2021-09-22 12:41:37 0 [Note] InnoDB: Initializing buffer pool, total size = 16M, instances = 1, chunk size = 16M
2021-09-22 12:41:37 0 [Note] InnoDB: Completed initialization of buffer pool
2021-09-22 12:41:37 0 [Note] InnoDB: Starting crash recovery from checkpoint LSN=300288
2021-09-22 12:41:37 0 [Note] InnoDB: 128 out of 128 rollback segments are active.
2021-09-22 12:41:37 0 [Note] InnoDB: Removed temporary tablespace data file: "ibtmp1"
2021-09-22 12:41:37 0 [Note] InnoDB: Creating shared tablespace for temporary tables
2021-09-22 12:41:37 0 [Note] InnoDB: Setting file 'C:\xampp\mysql\data\ibtmp1' size to 12 MB. Physically writing the file full; Please wait ...
2021-09-22 12:41:37 0 [Note] InnoDB: File 'C:\xampp\mysql\data\ibtmp1' size is now 12 MB.
2021-09-22 12:41:37 0 [Note] InnoDB: Waiting for purge to start
2021-09-22 12:41:37 0 [Note] InnoDB: 10.4.21 started; log sequence number 300297; transaction id 170
2021-09-22 12:41:37 0 [Note] Plugin 'FEEDBACK' is disabled.
2021-09-22 12:41:37 0 [Note] InnoDB: Loading buffer pool(s) from C:\xampp\mysql\data\ib_buffer_pool
2021-09-22 12:41:37 0 [Note] InnoDB: Buffer pool(s) load completed at 210922 12:41:37
2021-09-22 12:41:37 0 [Note] Server socket created on IP: '::'.
2022-01-25  9:18:57 0 [Note] InnoDB: Mutexes and rw_locks use Windows interlocked functions
2022-01-25  9:18:57 0 [Note] InnoDB: Uses event mutexes
2022-01-25  9:18:57 0 [Note] InnoDB: Compressed tables use zlib 1.2.11
2022-01-25  9:18:57 0 [Note] InnoDB: Number of pools: 1
2022-01-25  9:18:57 0 [Note] InnoDB: Using SSE2 crc32 instructions
2022-01-25  9:18:57 0 [Note] InnoDB: Initializing buffer pool, total size = 16M, instances = 1, chunk size = 16M
2022-01-25  9:18:57 0 [Note] InnoDB: Completed initialization of buffer pool
2022-01-25  9:18:57 0 [Note] InnoDB: Starting crash recovery from checkpoint LSN=300638
2022-01-25  9:18:57 0 [Note] InnoDB: 128 out of 128 rollback segments are active.
2022-01-25  9:18:57 0 [Note] InnoDB: Removed temporary tablespace data file: "ibtmp1"
2022-01-25  9:18:57 0 [Note] InnoDB: Creating shared tablespace for temporary tables
2022-01-25  9:18:57 0 [Note] InnoDB: Setting file 'C:\xampp\mysql\data\ibtmp1' size to 12 MB. Physically writing the file full; Please wait ...
2022-01-25  9:18:57 0 [Note] InnoDB: File 'C:\xampp\mysql\data\ibtmp1' size is now 12 MB.
2022-01-25  9:18:57 0 [Note] InnoDB: Waiting for purge to start
2022-01-25  9:18:58 0 [Note] InnoDB: 10.4.21 started; log sequence number 300647; transaction id 193
2022-01-25  9:18:58 0 [Note] InnoDB: Loading buffer pool(s) from C:\xampp\mysql\data\ib_buffer_pool
2022-01-25  9:18:58 0 [Note] Plugin 'FEEDBACK' is disabled.
2022-01-25  9:18:58 0 [Note] InnoDB: Buffer pool(s) load completed at 220125  9:18:58
2022-01-25  9:18:58 0 [Note] Server socket created on IP: '::'.
2022-01-26  8:26:06 0 [Note] InnoDB: Mutexes and rw_locks use Windows interlocked functions
2022-01-26  8:26:06 0 [Note] InnoDB: Uses event mutexes
2022-01-26  8:26:06 0 [Note] InnoDB: Compressed tables use zlib 1.2.11
2022-01-26  8:26:06 0 [Note] InnoDB: Number of pools: 1
2022-01-26  8:26:06 0 [Note] InnoDB: Using SSE2 crc32 instructions
2022-01-26  8:26:06 0 [Note] InnoDB: Initializing buffer pool, total size = 16M, instances = 1, chunk size = 16M
2022-01-26  8:26:06 0 [Note] InnoDB: Completed initialization of buffer pool
2022-01-26  8:26:06 0 [Note] InnoDB: Starting crash recovery from checkpoint LSN=300656
2022-01-26  8:26:06 0 [Note] InnoDB: 128 out of 128 rollback segments are active.
2022-01-26  8:26:06 0 [Note] InnoDB: Removed temporary tablespace data file: "ibtmp1"
2022-01-26  8:26:06 0 [Note] InnoDB: Creating shared tablespace for temporary tables
2022-01-26  8:26:06 0 [Note] InnoDB: Setting file 'C:\xampp\mysql\data\ibtmp1' size to 12 MB. Physically writing the file full; Please wait ...
2022-01-26  8:26:06 0 [Note] InnoDB: File 'C:\xampp\mysql\data\ibtmp1' size is now 12 MB.
2022-01-26  8:26:06 0 [Note] InnoDB: Waiting for purge to start
2022-01-26  8:26:06 0 [Note] InnoDB: 10.4.21 started; log sequence number 300665; transaction id 193
2022-01-26  8:26:06 0 [Note] InnoDB: Loading buffer pool(s) from C:\xampp\mysql\data\ib_buffer_pool
2022-01-26  8:26:06 0 [Note] Plugin 'FEEDBACK' is disabled.
2022-01-26  8:26:06 0 [Note] InnoDB: Buffer pool(s) load completed at 220126  8:26:06
2022-01-26  8:26:06 0 [Note] Server socket created on IP: '::'.
2022-01-26  8:26:17 0 [Note] InnoDB: Mutexes and rw_locks use Windows interlocked functions
2022-01-26  8:26:17 0 [Note] InnoDB: Uses event mutexes
2022-01-26  8:26:17 0 [Note] InnoDB: Compressed tables use zlib 1.2.11
2022-01-26  8:26:17 0 [Note] InnoDB: Number of pools: 1
2022-01-26  8:26:17 0 [Note] InnoDB: Using SSE2 crc32 instructions
2022-01-26  8:26:17 0 [Note] InnoDB: Initializing buffer pool, total size = 16M, instances = 1, chunk size = 16M
2022-01-26  8:26:17 0 [Note] InnoDB: Completed initialization of buffer pool
2022-01-26  8:26:17 0 [Note] InnoDB: Starting crash recovery from checkpoint LSN=300656
2022-01-26  8:26:17 0 [Note] InnoDB: 128 out of 128 rollback segments are active.
2022-01-26  8:26:17 0 [Note] InnoDB: Removed temporary tablespace data file: "ibtmp1"
2022-01-26  8:26:17 0 [Note] InnoDB: Creating shared tablespace for temporary tables
2022-01-26  8:26:17 0 [Note] InnoDB: Setting file 'C:\xampp\mysql\data\ibtmp1' size to 12 MB. Physically writing the file full; Please wait ...
2022-01-26  8:26:17 0 [Note] InnoDB: File 'C:\xampp\mysql\data\ibtmp1' size is now 12 MB.
2022-01-26  8:26:17 0 [Note] InnoDB: Waiting for purge to start
2022-01-26  8:26:17 0 [Note] InnoDB: 10.4.21 started; log sequence number 300665; transaction id 193
2022-01-26  8:26:17 0 [Note] InnoDB: Loading buffer pool(s) from C:\xampp\mysql\data\ib_buffer_pool
2022-01-26  8:26:17 0 [Note] Plugin 'FEEDBACK' is disabled.
2022-01-26  8:26:17 0 [Note] Server socket created on IP: '::'.
2022-01-27  9:36:21 0 [Note] InnoDB: Mutexes and rw_locks use Windows interlocked functions
2022-01-27  9:36:21 0 [Note] InnoDB: Uses event mutexes
2022-01-27  9:36:21 0 [Note] InnoDB: Compressed tables use zlib 1.2.11
2022-01-27  9:36:21 0 [Note] InnoDB: Number of pools: 1
2022-01-27  9:36:21 0 [Note] InnoDB: Using SSE2 crc32 instructions
2022-01-27  9:36:21 0 [Note] InnoDB: Initializing buffer pool, total size = 16M, instances = 1, chunk size = 16M
2022-01-27  9:36:21 0 [Note] InnoDB: Completed initialization of buffer pool
2022-01-27  9:36:21 0 [Note] InnoDB: Starting crash recovery from checkpoint LSN=300674
2022-01-27  9:36:21 0 [Note] InnoDB: 128 out of 128 rollback segments are active.
2022-01-27  9:36:21 0 [Note] InnoDB: Removed temporary tablespace data file: "ibtmp1"
2022-01-27  9:36:21 0 [Note] InnoDB: Creating shared tablespace for temporary tables
2022-01-27  9:36:21 0 [Note] InnoDB: Setting file 'C:\xampp\mysql\data\ibtmp1' size to 12 MB. Physically writing the file full; Please wait ...
2022-01-27  9:36:21 0 [Note] InnoDB: File 'C:\xampp\mysql\data\ibtmp1' size is now 12 MB.
2022-01-27  9:36:21 0 [Note] InnoDB: Waiting for purge to start
2022-01-27  9:36:21 0 [Note] InnoDB: 10.4.21 started; log sequence number 300683; transaction id 193
2022-01-27  9:36:21 0 [Note] InnoDB: Loading buffer pool(s) from C:\xampp\mysql\data\ib_buffer_pool
2022-01-27  9:36:21 0 [Note] Plugin 'FEEDBACK' is disabled.
2022-01-27  9:36:22 0 [Note] InnoDB: Buffer pool(s) load completed at 220127  9:36:22
2022-01-27  9:36:22 0 [Note] Server socket created on IP: '::'.
2022-01-27 20:31:02 0 [Note] InnoDB: Mutexes and rw_locks use Windows interlocked functions
2022-01-27 20:31:02 0 [Note] InnoDB: Uses event mutexes
2022-01-27 20:31:02 0 [Note] InnoDB: Compressed tables use zlib 1.2.11
2022-01-27 20:31:02 0 [Note] InnoDB: Number of pools: 1
2022-01-27 20:31:02 0 [Note] InnoDB: Using SSE2 crc32 instructions
2022-01-27 20:31:02 0 [Note] InnoDB: Initializing buffer pool, total size = 16M, instances = 1, chunk size = 16M
2022-01-27 20:31:02 0 [Note] InnoDB: Completed initialization of buffer pool
2022-01-27 20:31:02 0 [Note] InnoDB: Starting crash recovery from checkpoint LSN=300692
2022-01-27 20:31:02 0 [Note] InnoDB: 128 out of 128 rollback segments are active.
2022-01-27 20:31:02 0 [Note] InnoDB: Removed temporary tablespace data file: "ibtmp1"
2022-01-27 20:31:02 0 [Note] InnoDB: Creating shared tablespace for temporary tables
2022-01-27 20:31:02 0 [Note] InnoDB: Setting file 'C:\xampp\mysql\data\ibtmp1' size to 12 MB. Physically writing the file full; Please wait ...
2022-01-27 20:31:02 0 [Note] InnoDB: File 'C:\xampp\mysql\data\ibtmp1' size is now 12 MB.
2022-01-27 20:31:02 0 [Note] InnoDB: Waiting for purge to start
2022-01-27 20:31:02 0 [Note] InnoDB: 10.4.21 started; log sequence number 300701; transaction id 193
2022-01-27 20:31:02 0 [Note] InnoDB: Loading buffer pool(s) from C:\xampp\mysql\data\ib_buffer_pool
2022-01-27 20:31:02 0 [Note] Plugin 'FEEDBACK' is disabled.
2022-01-27 20:31:02 0 [Note] InnoDB: Buffer pool(s) load completed at 220127 20:31:02
2022-01-27 20:31:03 0 [Note] Server socket created on IP: '::'.
2022-01-29 10:12:41 0 [Note] InnoDB: Mutexes and rw_locks use Windows interlocked functions
2022-01-29 10:12:41 0 [Note] InnoDB: Uses event mutexes
2022-01-29 10:12:41 0 [Note] InnoDB: Compressed tables use zlib 1.2.11
2022-01-29 10:12:41 0 [Note] InnoDB: Number of pools: 1
2022-01-29 10:12:41 0 [Note] InnoDB: Using SSE2 crc32 instructions
2022-01-29 10:12:41 0 [Note] InnoDB: Initializing buffer pool, total size = 16M, instances = 1, chunk size = 16M
2022-01-29 10:12:41 0 [Note] InnoDB: Completed initialization of buffer pool
2022-01-29 10:12:41 0 [Note] InnoDB: Starting crash recovery from checkpoint LSN=300710
2022-01-29 10:12:42 0 [Note] InnoDB: 128 out of 128 rollback segments are active.
2022-01-29 10:12:42 0 [Note] InnoDB: Removed temporary tablespace data file: "ibtmp1"
2022-01-29 10:12:42 0 [Note] InnoDB: Creating shared tablespace for temporary tables
2022-01-29 10:12:42 0 [Note] InnoDB: Setting file 'C:\xampp\mysql\data\ibtmp1' size to 12 MB. Physically writing the file full; Please wait ...
2022-01-29 10:12:42 0 [Note] InnoDB: File 'C:\xampp\mysql\data\ibtmp1' size is now 12 MB.
2022-01-29 10:12:42 0 [Note] InnoDB: Waiting for purge to start
2022-01-29 10:12:42 0 [Note] InnoDB: 10.4.21 started; log sequence number 300719; transaction id 193
2022-01-29 10:12:42 0 [Note] InnoDB: Loading buffer pool(s) from C:\xampp\mysql\data\ib_buffer_pool
2022-01-29 10:12:42 0 [Note] Plugin 'FEEDBACK' is disabled.
2022-01-29 10:12:42 0 [Note] InnoDB: Buffer pool(s) load completed at 220129 10:12:42
2022-01-29 10:12:42 0 [Note] Server socket created on IP: '::'.
2022-01-30 12:10:30 0 [Note] InnoDB: Mutexes and rw_locks use Windows interlocked functions
2022-01-30 12:10:30 0 [Note] InnoDB: Uses event mutexes
2022-01-30 12:10:30 0 [Note] InnoDB: Compressed tables use zlib 1.2.11
2022-01-30 12:10:30 0 [Note] InnoDB: Number of pools: 1
2022-01-30 12:10:30 0 [Note] InnoDB: Using SSE2 crc32 instructions
2022-01-30 12:10:30 0 [Note] InnoDB: Initializing buffer pool, total size = 16M, instances = 1, chunk size = 16M
2022-01-30 12:10:30 0 [Note] InnoDB: Completed initialization of buffer pool
2022-01-30 12:10:30 0 [Note] InnoDB: Starting crash recovery from checkpoint LSN=300728
2022-01-30 12:10:31 0 [Note] InnoDB: 128 out of 128 rollback segments are active.
2022-01-30 12:10:31 0 [Note] InnoDB: Removed temporary tablespace data file: "ibtmp1"
2022-01-30 12:10:31 0 [Note] InnoDB: Creating shared tablespace for temporary tables
2022-01-30 12:10:31 0 [Note] InnoDB: Setting file 'C:\xampp\mysql\data\ibtmp1' size to 12 MB. Physically writing the file full; Please wait ...
2022-01-30 12:10:31 0 [Note] InnoDB: File 'C:\xampp\mysql\data\ibtmp1' size is now 12 MB.
2022-01-30 12:10:31 0 [Note] InnoDB: Waiting for purge to start
2022-01-30 12:10:31 0 [Note] InnoDB: 10.4.21 started; log sequence number 300737; transaction id 193
2022-01-30 12:10:31 0 [Note] InnoDB: Loading buffer pool(s) from C:\xampp\mysql\data\ib_buffer_pool
2022-01-30 12:10:31 0 [Note] Plugin 'FEEDBACK' is disabled.
2022-01-30 12:10:31 0 [Note] InnoDB: Buffer pool(s) load completed at 220130 12:10:31
2022-01-30 12:10:31 0 [Note] Server socket created on IP: '::'.
2022-01-30 12:10:47 0 [Note] InnoDB: Mutexes and rw_locks use Windows interlocked functions
2022-01-30 12:10:47 0 [Note] InnoDB: Uses event mutexes
2022-01-30 12:10:47 0 [Note] InnoDB: Compressed tables use zlib 1.2.11
2022-01-30 12:10:47 0 [Note] InnoDB: Number of pools: 1
2022-01-30 12:10:47 0 [Note] InnoDB: Using SSE2 crc32 instructions
2022-01-30 12:10:47 0 [Note] InnoDB: Initializing buffer pool, total size = 16M, instances = 1, chunk size = 16M
2022-01-30 12:10:47 0 [Note] InnoDB: Completed initialization of buffer pool
2022-01-30 12:10:47 0 [Note] InnoDB: Starting crash recovery from checkpoint LSN=300728
2022-01-30 12:10:47 0 [Note] InnoDB: 128 out of 128 rollback segments are active.
2022-01-30 12:10:47 0 [Note] InnoDB: Removed temporary tablespace data file: "ibtmp1"
2022-01-30 12:10:48 0 [Note] InnoDB: Creating shared tablespace for temporary tables
2022-01-30 12:10:48 0 [Note] InnoDB: Setting file 'C:\xampp\mysql\data\ibtmp1' size to 12 MB. Physically writing the file full; Please wait ...
2022-01-30 12:10:48 0 [Note] InnoDB: File 'C:\xampp\mysql\data\ibtmp1' size is now 12 MB.
2022-01-30 12:10:48 0 [Note] InnoDB: Waiting for purge to start
2022-01-30 12:10:48 0 [Note] InnoDB: 10.4.21 started; log sequence number 300737; transaction id 193
2022-01-30 12:10:48 0 [Note] InnoDB: Loading buffer pool(s) from C:\xampp\mysql\data\ib_buffer_pool
2022-01-30 12:10:48 0 [Note] Plugin 'FEEDBACK' is disabled.
2022-01-30 12:10:48 0 [Note] Server socket created on IP: '::'.
2022-01-31  8:57:12 0 [Note] InnoDB: Mutexes and rw_locks use Windows interlocked functions
2022-01-31  8:57:12 0 [Note] InnoDB: Uses event mutexes
2022-01-31  8:57:12 0 [Note] InnoDB: Compressed tables use zlib 1.2.11
2022-01-31  8:57:12 0 [Note] InnoDB: Number of pools: 1
2022-01-31  8:57:12 0 [Note] InnoDB: Using SSE2 crc32 instructions
2022-01-31  8:57:12 0 [Note] InnoDB: Initializing buffer pool, total size = 16M, instances = 1, chunk size = 16M
2022-01-31  8:57:12 0 [Note] InnoDB: Completed initialization of buffer pool
2022-01-31  8:57:12 0 [Note] InnoDB: Starting crash recovery from checkpoint LSN=300746
2022-01-31  8:57:12 0 [Note] InnoDB: 128 out of 128 rollback segments are active.
2022-01-31  8:57:12 0 [Note] InnoDB: Removed temporary tablespace data file: "ibtmp1"
2022-01-31  8:57:12 0 [Note] InnoDB: Creating shared tablespace for temporary tables
2022-01-31  8:57:12 0 [Note] InnoDB: Setting file 'C:\xampp\mysql\data\ibtmp1' size to 12 MB. Physically writing the file full; Please wait ...
2022-01-31  8:57:12 0 [Note] InnoDB: File 'C:\xampp\mysql\data\ibtmp1' size is now 12 MB.
2022-01-31  8:57:12 0 [Note] InnoDB: Waiting for purge to start
2022-01-31  8:57:12 0 [Note] InnoDB: 10.4.21 started; log sequence number 300755; transaction id 193
2022-01-31  8:57:12 0 [Note] InnoDB: Loading buffer pool(s) from C:\xampp\mysql\data\ib_buffer_pool
2022-01-31  8:57:12 0 [Note] Plugin 'FEEDBACK' is disabled.
2022-01-31  8:57:12 0 [Note] Server socket created on IP: '::'.
2022-02-01 15:47:59 0 [Note] InnoDB: Mutexes and rw_locks use Windows interlocked functions
2022-02-01 15:47:59 0 [Note] InnoDB: Uses event mutexes
2022-02-01 15:47:59 0 [Note] InnoDB: Compressed tables use zlib 1.2.11
2022-02-01 15:47:59 0 [Note] InnoDB: Number of pools: 1
2022-02-01 15:47:59 0 [Note] InnoDB: Using SSE2 crc32 instructions
2022-02-01 15:47:59 0 [Note] InnoDB: Initializing buffer pool, total size = 16M, instances = 1, chunk size = 16M
2022-02-01 15:47:59 0 [Note] InnoDB: Completed initialization of buffer pool
2022-02-01 15:47:59 0 [Note] InnoDB: Starting crash recovery from checkpoint LSN=300764
2022-02-01 15:48:00 0 [Note] InnoDB: 128 out of 128 rollback segments are active.
2022-02-01 15:48:00 0 [Note] InnoDB: Removed temporary tablespace data file: "ibtmp1"
2022-02-01 15:48:00 0 [Note] InnoDB: Creating shared tablespace for temporary tables
2022-02-01 15:48:00 0 [Note] InnoDB: Setting file 'C:\xampp\mysql\data\ibtmp1' size to 12 MB. Physically writing the file full; Please wait ...
2022-02-01 15:48:00 0 [Note] InnoDB: File 'C:\xampp\mysql\data\ibtmp1' size is now 12 MB.
2022-02-01 15:48:00 0 [Note] InnoDB: Waiting for purge to start
2022-02-01 15:48:00 0 [Note] InnoDB: 10.4.21 started; log sequence number 300773; transaction id 193
2022-02-01 15:48:00 0 [Note] InnoDB: Loading buffer pool(s) from C:\xampp\mysql\data\ib_buffer_pool
2022-02-01 15:48:00 0 [Note] Plugin 'FEEDBACK' is disabled.
2022-02-01 15:48:00 0 [Note] InnoDB: Buffer pool(s) load completed at 220201 15:48:00
2022-02-01 15:48:00 0 [Note] Server socket created on IP: '::'.
2022-02-01 21:38:22 0 [Note] InnoDB: Mutexes and rw_locks use Windows interlocked functions
2022-02-01 21:38:22 0 [Note] InnoDB: Uses event mutexes
2022-02-01 21:38:22 0 [Note] InnoDB: Compressed tables use zlib 1.2.11
2022-02-01 21:38:22 0 [Note] InnoDB: Number of pools: 1
2022-02-01 21:38:22 0 [Note] InnoDB: Using SSE2 crc32 instructions
2022-02-01 21:38:22 0 [Note] InnoDB: Initializing buffer pool, total size = 16M, instances = 1, chunk size = 16M
2022-02-01 21:38:22 0 [Note] InnoDB: Completed initialization of buffer pool
2022-02-01 21:38:22 0 [Note] InnoDB: Starting crash recovery from checkpoint LSN=300782
2022-02-01 21:38:22 0 [Note] InnoDB: 128 out of 128 rollback segments are active.
2022-02-01 21:38:22 0 [Note] InnoDB: Removed temporary tablespace data file: "ibtmp1"
2022-02-01 21:38:22 0 [Note] InnoDB: Creating shared tablespace for temporary tables
2022-02-01 21:38:22 0 [Note] InnoDB: Setting file 'C:\xampp\mysql\data\ibtmp1' size to 12 MB. Physically writing the file full; Please wait ...
2022-02-01 21:38:22 0 [Note] InnoDB: File 'C:\xampp\mysql\data\ibtmp1' size is now 12 MB.
2022-02-01 21:38:22 0 [Note] InnoDB: Waiting for purge to start
2022-02-01 21:38:22 0 [Note] InnoDB: 10.4.21 started; log sequence number 300791; transaction id 193
2022-02-01 21:38:22 0 [Note] InnoDB: Loading buffer pool(s) from C:\xampp\mysql\data\ib_buffer_pool
2022-02-01 21:38:22 0 [Note] Plugin 'FEEDBACK' is disabled.
2022-02-01 21:38:22 0 [Note] Server socket created on IP: '::'.
2022-02-02 18:57:21 0 [Note] InnoDB: Mutexes and rw_locks use Windows interlocked functions
2022-02-02 18:57:21 0 [Note] InnoDB: Uses event mutexes
2022-02-02 18:57:21 0 [Note] InnoDB: Compressed tables use zlib 1.2.11
2022-02-02 18:57:21 0 [Note] InnoDB: Number of pools: 1
2022-02-02 18:57:21 0 [Note] InnoDB: Using SSE2 crc32 instructions
2022-02-02 18:57:21 0 [Note] InnoDB: Initializing buffer pool, total size = 16M, instances = 1, chunk size = 16M
2022-02-02 18:57:21 0 [Note] InnoDB: Completed initialization of buffer pool
2022-02-02 18:57:21 0 [Note] InnoDB: Starting crash recovery from checkpoint LSN=300800
2022-02-02 18:57:21 0 [Note] InnoDB: 128 out of 128 rollback segments are active.
2022-02-02 18:57:21 0 [Note] InnoDB: Removed temporary tablespace data file: "ibtmp1"
2022-02-02 18:57:21 0 [Note] InnoDB: Creating shared tablespace for temporary tables
2022-02-02 18:57:21 0 [Note] InnoDB: Setting file 'C:\xampp\mysql\data\ibtmp1' size to 12 MB. Physically writing the file full; Please wait ...
2022-02-02 18:57:21 0 [Note] InnoDB: File 'C:\xampp\mysql\data\ibtmp1' size is now 12 MB.
2022-02-02 18:57:21 0 [Note] InnoDB: Waiting for purge to start
2022-02-02 18:57:21 0 [Note] InnoDB: 10.4.21 started; log sequence number 300809; transaction id 193
2022-02-02 18:57:21 0 [Note] InnoDB: Loading buffer pool(s) from C:\xampp\mysql\data\ib_buffer_pool
2022-02-02 18:57:21 0 [Note] Plugin 'FEEDBACK' is disabled.
2022-02-02 18:57:21 0 [Note] InnoDB: Buffer pool(s) load completed at 220202 18:57:21
2022-02-02 18:57:21 0 [Note] Server socket created on IP: '::'.
2022-04-17 12:44:19 0 [Note] InnoDB: Mutexes and rw_locks use Windows interlocked functions
2022-04-17 12:44:19 0 [Note] InnoDB: Uses event mutexes
2022-04-17 12:44:19 0 [Note] InnoDB: Compressed tables use zlib 1.2.11
2022-04-17 12:44:19 0 [Note] InnoDB: Number of pools: 1
2022-04-17 12:44:19 0 [Note] InnoDB: Using SSE2 crc32 instructions
2022-04-17 12:44:19 0 [Note] InnoDB: Initializing buffer pool, total size = 16M, instances = 1, chunk size = 16M
2022-04-17 12:44:19 0 [Note] InnoDB: Completed initialization of buffer pool
2022-04-17 12:44:19 0 [Note] InnoDB: Starting crash recovery from checkpoint LSN=300818
2022-04-17 12:44:19 0 [Note] InnoDB: 128 out of 128 rollback segments are active.
2022-04-17 12:44:19 0 [Note] InnoDB: Removed temporary tablespace data file: "ibtmp1"
2022-04-17 12:44:19 0 [Note] InnoDB: Creating shared tablespace for temporary tables
2022-04-17 12:44:19 0 [Note] InnoDB: Setting file 'C:\xampp\mysql\data\ibtmp1' size to 12 MB. Physically writing the file full; Please wait ...
2022-04-17 12:44:19 0 [Note] InnoDB: File 'C:\xampp\mysql\data\ibtmp1' size is now 12 MB.
2022-04-17 12:44:19 0 [Note] InnoDB: Waiting for purge to start
2022-04-17 12:44:20 0 [Note] InnoDB: 10.4.21 started; log sequence number 300827; transaction id 193
2022-04-17 12:44:20 0 [Note] Plugin 'FEEDBACK' is disabled.
2022-04-17 12:44:20 0 [Note] InnoDB: Loading buffer pool(s) from C:\xampp\mysql\data\ib_buffer_pool
2022-04-17 12:44:20 0 [Note] InnoDB: Buffer pool(s) load completed at 220417 12:44:20
2022-04-17 12:44:20 0 [Note] Server socket created on IP: '::'.
